1634295222210	geckodriver	INFO	Listening on 127.0.0.1:52389
1634295223223	mozrunner::runner	INFO	Running command: "/Applications/Firefox.app/Contents/MacOS/firefox-bin" "--marionette" "-foreground" "-no-remote" "-profile" "/var/folders/xf/g6sxxzt51ws1d5y2x5g_9qwm0000gn/T/rust_mozprofileKbKKpA"
1634295224060	Marionette	INFO	Marionette enabled
console.warn: SearchSettings: "get: No settings file exists, new profile?" (new NotFoundError("Could not open the file at /var/folders/xf/g6sxxzt51ws1d5y2x5g_9qwm0000gn/T/rust_mozprofileKbKKpA/search.json.mozlz4", (void 0)))
console.error: BackgroundUpdate: 
  _reasonsToNotScheduleUpdates: Failed to check for Maintenance Service Registry Key: [Exception... "Component returned failure code: 0x80004001 (NS_ERROR_NOT_IMPLEMENTED) [nsIUpdateProcessor.getServiceRegKeyExists]"  nsresult: "0x80004001 (NS_ERROR_NOT_IMPLEMENTED)"  location: "JS frame :: resource://gre/modules/BackgroundUpdate.jsm :: _reasonsToNotScheduleUpdates :: line 243"  data: no]
1634295226722	Marionette	INFO	Listening on port 52396
1634295226812	RemoteAgent	WARN	TLS certificate errors will be ignored for this session
WARNING: content window passed to PrivateBrowsingUtils.isWindowPrivate. Use isContentWindowPrivate instead (but only for frame scripts).
pbu_isWindowPrivate@resource://gre/modules/PrivateBrowsingUtils.jsm:27:11
isBrowserPrivate@resource://gre/modules/PrivateBrowsingUtils.jsm:47:19
loadURI@resource://gre/modules/RemoteWebNavigation.jsm:90:51
loadURI/<@chrome://global/content/elements/browser-custom-element.js:809:28
_wrapURIChangeCall@chrome://global/content/elements/browser-custom-element.js:738:9
loadURI@chrome://global/content/elements/browser-custom-element.js:808:12
loadURI@chrome://mozapps/content/extensions/aboutaddons.js:2508:18
render/<@chrome://mozapps/content/extensions/aboutaddons.js:2487:14
render@chrome://mozapps/content/extensions/aboutaddons.js:2446:11
WARNING: content window passed to PrivateBrowsingUtils.isWindowPrivate. Use isContentWindowPrivate instead (but only for frame scripts).
pbu_isWindowPrivate@resource://gre/modules/PrivateBrowsingUtils.jsm:27:11
isBrowserPrivate@resource://gre/modules/PrivateBrowsingUtils.jsm:47:19
fire@resource://gre/modules/WebNavigation.jsm:400:30
onDocumentChange@resource://gre/modules/WebNavigation.jsm:333:10
WARNING: content window passed to PrivateBrowsingUtils.isWindowPrivate. Use isContentWindowPrivate instead (but only for frame scripts).
pbu_isWindowPrivate@resource://gre/modules/PrivateBrowsingUtils.jsm:27:11
isBrowserPrivate@resource://gre/modules/PrivateBrowsingUtils.jsm:47:19
fire@resource://gre/modules/WebNavigation.jsm:400:30
onDocumentChange@resource://gre/modules/WebNavigation.jsm:333:10
JavaScript error: https://www.ft.com/__assets/hashed/page-kit/scripts.3530b9b24024.bundle.js, line 15: TypeError: googletag.pubads().getCorrelator is not a function
JavaScript error: https://news.google.com/swg/js/v1/swg.js, line 137: TypeError: this.j.getBody() is null
JavaScript error: https://news.google.com/swg/js/v1/swg.js, line 137: TypeError: this.j.getBody() is null
JavaScript error: https://news.google.com/swg/js/v1/swg.js, line 137: TypeError: this.j.getBody() is null
JavaScript error: https://news.google.com/swg/js/v1/swg.js, line 137: TypeError: this.j.getBody() is null
JavaScript error: https://news.google.com/swg/js/v1/swg.js, line 137: TypeError: this.j.getBody() is null
JavaScript error: https://news.google.com/swg/js/v1/swg.js, line 137: TypeError: this.j.getBody() is null
1634295256588	Marionette	INFO	Stopped listening on port 52396
JavaScript error: resource:///modules/Interactions.jsm, line 201: NS_ERROR_FAILURE: Component returned failure code: 0x80004005 (NS_ERROR_FAILURE) [nsIUserIdleService.removeIdleObserver]

###!!! [Parent][RunMessage] Error: Channel closing: too late to send/recv, messages will be lost

1634297919105	geckodriver	INFO	Listening on 127.0.0.1:52548
1634297920107	mozrunner::runner	INFO	Running command: "/Applications/Firefox.app/Contents/MacOS/firefox-bin" "--marionette" "-foreground" "-no-remote" "-profile" "/var/folders/xf/g6sxxzt51ws1d5y2x5g_9qwm0000gn/T/rust_mozprofileKtsHd2"
1634297921035	Marionette	INFO	Marionette enabled
console.warn: SearchSettings: "get: No settings file exists, new profile?" (new NotFoundError("Could not open the file at /var/folders/xf/g6sxxzt51ws1d5y2x5g_9qwm0000gn/T/rust_mozprofileKtsHd2/search.json.mozlz4", (void 0)))
console.error: BackgroundUpdate: 
  _reasonsToNotScheduleUpdates: Failed to check for Maintenance Service Registry Key: [Exception... "Component returned failure code: 0x80004001 (NS_ERROR_NOT_IMPLEMENTED) [nsIUpdateProcessor.getServiceRegKeyExists]"  nsresult: "0x80004001 (NS_ERROR_NOT_IMPLEMENTED)"  location: "JS frame :: resource://gre/modules/BackgroundUpdate.jsm :: _reasonsToNotScheduleUpdates :: line 243"  data: no]
1634297923504	Marionette	INFO	Listening on port 52555
1634297923614	RemoteAgent	WARN	TLS certificate errors will be ignored for this session
WARNING: content window passed to PrivateBrowsingUtils.isWindowPrivate. Use isContentWindowPrivate instead (but only for frame scripts).
pbu_isWindowPrivate@resource://gre/modules/PrivateBrowsingUtils.jsm:27:11
isBrowserPrivate@resource://gre/modules/PrivateBrowsingUtils.jsm:47:19
loadURI@resource://gre/modules/RemoteWebNavigation.jsm:90:51
loadURI/<@chrome://global/content/elements/browser-custom-element.js:809:28
_wrapURIChangeCall@chrome://global/content/elements/browser-custom-element.js:738:9
loadURI@chrome://global/content/elements/browser-custom-element.js:808:12
loadURI@chrome://mozapps/content/extensions/aboutaddons.js:2508:18
render/<@chrome://mozapps/content/extensions/aboutaddons.js:2487:14
render@chrome://mozapps/content/extensions/aboutaddons.js:2446:11
WARNING: content window passed to PrivateBrowsingUtils.isWindowPrivate. Use isContentWindowPrivate instead (but only for frame scripts).
pbu_isWindowPrivate@resource://gre/modules/PrivateBrowsingUtils.jsm:27:11
isBrowserPrivate@resource://gre/modules/PrivateBrowsingUtils.jsm:47:19
fire@resource://gre/modules/WebNavigation.jsm:400:30
onDocumentChange@resource://gre/modules/WebNavigation.jsm:333:10
WARNING: content window passed to PrivateBrowsingUtils.isWindowPrivate. Use isContentWindowPrivate instead (but only for frame scripts).
pbu_isWindowPrivate@resource://gre/modules/PrivateBrowsingUtils.jsm:27:11
isBrowserPrivate@resource://gre/modules/PrivateBrowsingUtils.jsm:47:19
fire@resource://gre/modules/WebNavigation.jsm:400:30
onDocumentChange@resource://gre/modules/WebNavigation.jsm:333:10
JavaScript error: https://www.ft.com/__assets/hashed/page-kit/scripts.3530b9b24024.bundle.js, line 15: TypeError: googletag.pubads().getCorrelator is not a function
JavaScript error: https://news.google.com/swg/js/v1/swg.js, line 137: TypeError: this.j.getBody() is null
JavaScript error: https://news.google.com/swg/js/v1/swg.js, line 137: TypeError: this.j.getBody() is null
JavaScript error: https://news.google.com/swg/js/v1/swg.js, line 137: TypeError: this.j.getBody() is null
Exiting due to channel error.
Exiting due to channel error.
Exiting due to channel error.
1634297982961	geckodriver	INFO	Listening on 127.0.0.1:52656
1634297982973	mozrunner::runner	INFO	Running command: "/Applications/Firefox.app/Contents/MacOS/firefox-bin" "--marionette" "-foreground" "-no-remote" "-profile" "/var/folders/xf/g6sxxzt51ws1d5y2x5g_9qwm0000gn/T/rust_mozprofileutpTBr"
1634297983649	Marionette	INFO	Marionette enabled
console.warn: SearchSettings: "get: No settings file exists, new profile?" (new NotFoundError("Could not open the file at /var/folders/xf/g6sxxzt51ws1d5y2x5g_9qwm0000gn/T/rust_mozprofileutpTBr/search.json.mozlz4", (void 0)))
console.error: BackgroundUpdate: 
  _reasonsToNotScheduleUpdates: Failed to check for Maintenance Service Registry Key: [Exception... "Component returned failure code: 0x80004001 (NS_ERROR_NOT_IMPLEMENTED) [nsIUpdateProcessor.getServiceRegKeyExists]"  nsresult: "0x80004001 (NS_ERROR_NOT_IMPLEMENTED)"  location: "JS frame :: resource://gre/modules/BackgroundUpdate.jsm :: _reasonsToNotScheduleUpdates :: line 243"  data: no]
1634297985795	Marionette	INFO	Listening on port 52661
1634297985898	RemoteAgent	WARN	TLS certificate errors will be ignored for this session
WARNING: content window passed to PrivateBrowsingUtils.isWindowPrivate. Use isContentWindowPrivate instead (but only for frame scripts).
pbu_isWindowPrivate@resource://gre/modules/PrivateBrowsingUtils.jsm:27:11
isBrowserPrivate@resource://gre/modules/PrivateBrowsingUtils.jsm:47:19
loadURI@resource://gre/modules/RemoteWebNavigation.jsm:90:51
loadURI/<@chrome://global/content/elements/browser-custom-element.js:809:28
_wrapURIChangeCall@chrome://global/content/elements/browser-custom-element.js:738:9
loadURI@chrome://global/content/elements/browser-custom-element.js:808:12
loadURI@chrome://mozapps/content/extensions/aboutaddons.js:2508:18
render/<@chrome://mozapps/content/extensions/aboutaddons.js:2487:14
render@chrome://mozapps/content/extensions/aboutaddons.js:2446:11
WARNING: content window passed to PrivateBrowsingUtils.isWindowPrivate. Use isContentWindowPrivate instead (but only for frame scripts).
pbu_isWindowPrivate@resource://gre/modules/PrivateBrowsingUtils.jsm:27:11
isBrowserPrivate@resource://gre/modules/PrivateBrowsingUtils.jsm:47:19
fire@resource://gre/modules/WebNavigation.jsm:400:30
onDocumentChange@resource://gre/modules/WebNavigation.jsm:333:10
WARNING: content window passed to PrivateBrowsingUtils.isWindowPrivate. Use isContentWindowPrivate instead (but only for frame scripts).
pbu_isWindowPrivate@resource://gre/modules/PrivateBrowsingUtils.jsm:27:11
isBrowserPrivate@resource://gre/modules/PrivateBrowsingUtils.jsm:47:19
fire@resource://gre/modules/WebNavigation.jsm:400:30
onDocumentChange@resource://gre/modules/WebNavigation.jsm:333:10
JavaScript error: https://www.ft.com/__assets/hashed/page-kit/scripts.3530b9b24024.bundle.js, line 15: TypeError: googletag.pubads().getCorrelator is not a function
JavaScript error: https://www.ft.com/__assets/hashed/page-kit/scripts.3530b9b24024.bundle.js, line 15: TypeError: window.moatPrebidApi is undefined
1634298015401	Marionette	INFO	Stopped listening on port 52661
JavaScript error: resource:///modules/Interactions.jsm, line 201: NS_ERROR_FAILURE: Component returned failure code: 0x80004005 (NS_ERROR_FAILURE) [nsIUserIdleService.removeIdleObserver]

###!!! [Parent][RunMessage] Error: Channel closing: too late to send/recv, messages will be lost

1634298020240	geckodriver	INFO	Listening on 127.0.0.1:52735
1634298020256	mozrunner::runner	INFO	Running command: "/Applications/Firefox.app/Contents/MacOS/firefox-bin" "--marionette" "-foreground" "-no-remote" "-profile" "/var/folders/xf/g6sxxzt51ws1d5y2x5g_9qwm0000gn/T/rust_mozprofileom1N94"
1634298020916	Marionette	INFO	Marionette enabled
console.warn: SearchSettings: "get: No settings file exists, new profile?" (new NotFoundError("Could not open the file at /var/folders/xf/g6sxxzt51ws1d5y2x5g_9qwm0000gn/T/rust_mozprofileom1N94/search.json.mozlz4", (void 0)))
console.error: BackgroundUpdate: 
  _reasonsToNotScheduleUpdates: Failed to check for Maintenance Service Registry Key: [Exception... "Component returned failure code: 0x80004001 (NS_ERROR_NOT_IMPLEMENTED) [nsIUpdateProcessor.getServiceRegKeyExists]"  nsresult: "0x80004001 (NS_ERROR_NOT_IMPLEMENTED)"  location: "JS frame :: resource://gre/modules/BackgroundUpdate.jsm :: _reasonsToNotScheduleUpdates :: line 243"  data: no]
1634298022959	Marionette	INFO	Listening on port 52740
1634298023063	RemoteAgent	WARN	TLS certificate errors will be ignored for this session
WARNING: content window passed to PrivateBrowsingUtils.isWindowPrivate. Use isContentWindowPrivate instead (but only for frame scripts).
pbu_isWindowPrivate@resource://gre/modules/PrivateBrowsingUtils.jsm:27:11
isBrowserPrivate@resource://gre/modules/PrivateBrowsingUtils.jsm:47:19
loadURI@resource://gre/modules/RemoteWebNavigation.jsm:90:51
loadURI/<@chrome://global/content/elements/browser-custom-element.js:809:28
_wrapURIChangeCall@chrome://global/content/elements/browser-custom-element.js:738:9
loadURI@chrome://global/content/elements/browser-custom-element.js:808:12
loadURI@chrome://mozapps/content/extensions/aboutaddons.js:2508:18
render/<@chrome://mozapps/content/extensions/aboutaddons.js:2487:14
render@chrome://mozapps/content/extensions/aboutaddons.js:2446:11
WARNING: content window passed to PrivateBrowsingUtils.isWindowPrivate. Use isContentWindowPrivate instead (but only for frame scripts).
pbu_isWindowPrivate@resource://gre/modules/PrivateBrowsingUtils.jsm:27:11
isBrowserPrivate@resource://gre/modules/PrivateBrowsingUtils.jsm:47:19
fire@resource://gre/modules/WebNavigation.jsm:400:30
onDocumentChange@resource://gre/modules/WebNavigation.jsm:333:10
WARNING: content window passed to PrivateBrowsingUtils.isWindowPrivate. Use isContentWindowPrivate instead (but only for frame scripts).
pbu_isWindowPrivate@resource://gre/modules/PrivateBrowsingUtils.jsm:27:11
isBrowserPrivate@resource://gre/modules/PrivateBrowsingUtils.jsm:47:19
fire@resource://gre/modules/WebNavigation.jsm:400:30
onDocumentChange@resource://gre/modules/WebNavigation.jsm:333:10
JavaScript error: https://www.ft.com/__assets/hashed/page-kit/scripts.3530b9b24024.bundle.js, line 15: TypeError: googletag.pubads().getCorrelator is not a function
JavaScript error: https://news.google.com/swg/js/v1/swg.js, line 137: TypeError: this.j.getBody() is null
JavaScript error: https://news.google.com/swg/js/v1/swg.js, line 137: TypeError: this.j.getBody() is null
JavaScript error: https://news.google.com/swg/js/v1/swg.js, line 137: TypeError: this.j.getBody() is null
JavaScript error: https://news.google.com/swg/js/v1/swg.js, line 137: TypeError: this.j.getBody() is null
JavaScript error: https://news.google.com/swg/js/v1/swg.js, line 137: TypeError: this.j.getBody() is null
JavaScript error: https://news.google.com/swg/js/v1/swg.js, line 137: TypeError: this.j.getBody() is null
1634298053340	Marionette	INFO	Stopped listening on port 52740
JavaScript error: resource:///modules/Interactions.jsm, line 201: NS_ERROR_FAILURE: Component returned failure code: 0x80004005 (NS_ERROR_FAILURE) [nsIUserIdleService.removeIdleObserver]

###!!! [Parent][RunMessage] Error: Channel closing: too late to send/recv, messages will be lost

1634298056771	geckodriver	INFO	Listening on 127.0.0.1:52826
1634298056783	mozrunner::runner	INFO	Running command: "/Applications/Firefox.app/Contents/MacOS/firefox-bin" "--marionette" "-foreground" "-no-remote" "-profile" "/var/folders/xf/g6sxxzt51ws1d5y2x5g_9qwm0000gn/T/rust_mozprofilek83iVa"
1634298057481	Marionette	INFO	Marionette enabled
console.warn: SearchSettings: "get: No settings file exists, new profile?" (new NotFoundError("Could not open the file at /var/folders/xf/g6sxxzt51ws1d5y2x5g_9qwm0000gn/T/rust_mozprofilek83iVa/search.json.mozlz4", (void 0)))
console.error: BackgroundUpdate: 
  _reasonsToNotScheduleUpdates: Failed to check for Maintenance Service Registry Key: [Exception... "Component returned failure code: 0x80004001 (NS_ERROR_NOT_IMPLEMENTED) [nsIUpdateProcessor.getServiceRegKeyExists]"  nsresult: "0x80004001 (NS_ERROR_NOT_IMPLEMENTED)"  location: "JS frame :: resource://gre/modules/BackgroundUpdate.jsm :: _reasonsToNotScheduleUpdates :: line 243"  data: no]
1634298059611	Marionette	INFO	Listening on port 52831
1634298059673	RemoteAgent	WARN	TLS certificate errors will be ignored for this session
WARNING: content window passed to PrivateBrowsingUtils.isWindowPrivate. Use isContentWindowPrivate instead (but only for frame scripts).
pbu_isWindowPrivate@resource://gre/modules/PrivateBrowsingUtils.jsm:27:11
isBrowserPrivate@resource://gre/modules/PrivateBrowsingUtils.jsm:47:19
loadURI@resource://gre/modules/RemoteWebNavigation.jsm:90:51
loadURI/<@chrome://global/content/elements/browser-custom-element.js:809:28
_wrapURIChangeCall@chrome://global/content/elements/browser-custom-element.js:738:9
loadURI@chrome://global/content/elements/browser-custom-element.js:808:12
loadURI@chrome://mozapps/content/extensions/aboutaddons.js:2508:18
render/<@chrome://mozapps/content/extensions/aboutaddons.js:2487:14
render@chrome://mozapps/content/extensions/aboutaddons.js:2446:11
WARNING: content window passed to PrivateBrowsingUtils.isWindowPrivate. Use isContentWindowPrivate instead (but only for frame scripts).
pbu_isWindowPrivate@resource://gre/modules/PrivateBrowsingUtils.jsm:27:11
isBrowserPrivate@resource://gre/modules/PrivateBrowsingUtils.jsm:47:19
fire@resource://gre/modules/WebNavigation.jsm:400:30
onDocumentChange@resource://gre/modules/WebNavigation.jsm:333:10
WARNING: content window passed to PrivateBrowsingUtils.isWindowPrivate. Use isContentWindowPrivate instead (but only for frame scripts).
pbu_isWindowPrivate@resource://gre/modules/PrivateBrowsingUtils.jsm:27:11
isBrowserPrivate@resource://gre/modules/PrivateBrowsingUtils.jsm:47:19
fire@resource://gre/modules/WebNavigation.jsm:400:30
onDocumentChange@resource://gre/modules/WebNavigation.jsm:333:10
JavaScript error: https://www.ft.com/__assets/hashed/page-kit/scripts.3530b9b24024.bundle.js, line 15: TypeError: googletag.pubads().getCorrelator is not a function
JavaScript error: https://news.google.com/swg/js/v1/swg.js, line 137: TypeError: this.j.getBody() is null
JavaScript error: https://news.google.com/swg/js/v1/swg.js, line 137: TypeError: this.j.getBody() is null
JavaScript error: https://news.google.com/swg/js/v1/swg.js, line 137: TypeError: this.j.getBody() is null
JavaScript error: https://news.google.com/swg/js/v1/swg.js, line 137: TypeError: this.j.getBody() is null
JavaScript error: https://news.google.com/swg/js/v1/swg.js, line 137: TypeError: this.j.getBody() is null
Port.onMessage event fired while context is inactive.
Port.onMessage event fired while context is inactive.
JavaScript error: https://news.google.com/swg/js/v1/swg.js, line 137: TypeError: this.j.getBody() is null
1634298087313	Marionette	INFO	Stopped listening on port 52831
JavaScript error: resource:///modules/Interactions.jsm, line 201: NS_ERROR_FAILURE: Component returned failure code: 0x80004005 (NS_ERROR_FAILURE) [nsIUserIdleService.removeIdleObserver]

###!!! [Child][MessageChannel] Error: (msgtype=0x690023,name=PNecko::Msg_RemoveRequestContext) Channel closing: too late to send/recv, messages will be lost

JavaScript error: resource://gre/modules/PromiseWorker.jsm, line 106: Error: IOUtils: Shutting down and refusing additional I/O tasks

###!!! [Parent][RunMessage] Error: Channel closing: too late to send/recv, messages will be lost

1634298148147	geckodriver	INFO	Listening on 127.0.0.1:52923
1634298148159	mozrunner::runner	INFO	Running command: "/Applications/Firefox.app/Contents/MacOS/firefox-bin" "--marionette" "-foreground" "-no-remote" "-profile" "/var/folders/xf/g6sxxzt51ws1d5y2x5g_9qwm0000gn/T/rust_mozprofileAQP3PV"
1634298148706	Marionette	INFO	Marionette enabled
console.warn: SearchSettings: "get: No settings file exists, new profile?" (new NotFoundError("Could not open the file at /var/folders/xf/g6sxxzt51ws1d5y2x5g_9qwm0000gn/T/rust_mozprofileAQP3PV/search.json.mozlz4", (void 0)))
console.error: BackgroundUpdate: 
  _reasonsToNotScheduleUpdates: Failed to check for Maintenance Service Registry Key: [Exception... "Component returned failure code: 0x80004001 (NS_ERROR_NOT_IMPLEMENTED) [nsIUpdateProcessor.getServiceRegKeyExists]"  nsresult: "0x80004001 (NS_ERROR_NOT_IMPLEMENTED)"  location: "JS frame :: resource://gre/modules/BackgroundUpdate.jsm :: _reasonsToNotScheduleUpdates :: line 243"  data: no]
1634298150870	Marionette	INFO	Listening on port 52928
1634298150996	RemoteAgent	WARN	TLS certificate errors will be ignored for this session
WARNING: content window passed to PrivateBrowsingUtils.isWindowPrivate. Use isContentWindowPrivate instead (but only for frame scripts).
pbu_isWindowPrivate@resource://gre/modules/PrivateBrowsingUtils.jsm:27:11
isBrowserPrivate@resource://gre/modules/PrivateBrowsingUtils.jsm:47:19
loadURI@resource://gre/modules/RemoteWebNavigation.jsm:90:51
loadURI/<@chrome://global/content/elements/browser-custom-element.js:809:28
_wrapURIChangeCall@chrome://global/content/elements/browser-custom-element.js:738:9
loadURI@chrome://global/content/elements/browser-custom-element.js:808:12
loadURI@chrome://mozapps/content/extensions/aboutaddons.js:2508:18
render/<@chrome://mozapps/content/extensions/aboutaddons.js:2487:14
render@chrome://mozapps/content/extensions/aboutaddons.js:2446:11
WARNING: content window passed to PrivateBrowsingUtils.isWindowPrivate. Use isContentWindowPrivate instead (but only for frame scripts).
pbu_isWindowPrivate@resource://gre/modules/PrivateBrowsingUtils.jsm:27:11
isBrowserPrivate@resource://gre/modules/PrivateBrowsingUtils.jsm:47:19
fire@resource://gre/modules/WebNavigation.jsm:400:30
onDocumentChange@resource://gre/modules/WebNavigation.jsm:333:10
WARNING: content window passed to PrivateBrowsingUtils.isWindowPrivate. Use isContentWindowPrivate instead (but only for frame scripts).
pbu_isWindowPrivate@resource://gre/modules/PrivateBrowsingUtils.jsm:27:11
isBrowserPrivate@resource://gre/modules/PrivateBrowsingUtils.jsm:47:19
fire@resource://gre/modules/WebNavigation.jsm:400:30
onDocumentChange@resource://gre/modules/WebNavigation.jsm:333:10
JavaScript error: https://www.ft.com/__assets/hashed/page-kit/scripts.3530b9b24024.bundle.js, line 15: TypeError: googletag.pubads().getCorrelator is not a function
Port.onMessage event fired while context is inactive.
JavaScript error: https://news.google.com/swg/js/v1/swg.js, line 137: TypeError: this.j.getBody() is null
JavaScript error: https://news.google.com/swg/js/v1/swg.js, line 137: TypeError: this.j.getBody() is null
JavaScript error: https://news.google.com/swg/js/v1/swg.js, line 137: TypeError: this.j.getBody() is null
JavaScript error: https://news.google.com/swg/js/v1/swg.js, line 137: TypeError: this.j.getBody() is null
JavaScript error: https://news.google.com/swg/js/v1/swg.js, line 137: TypeError: this.j.getBody() is null
JavaScript error: https://news.google.com/swg/js/v1/swg.js, line 137: TypeError: this.j.getBody() is null
JavaScript error: resource:///actors/ContentMetaChild.jsm, line 179: InvalidStateError: JSWindowActorChild.sendAsyncMessage: JSWindowActorChild cannot send at the moment
Port.onMessage event fired while context is inactive.
1634298178360	Marionette	INFO	Stopped listening on port 52928
JavaScript error: resource:///modules/Interactions.jsm, line 201: NS_ERROR_FAILURE: Component returned failure code: 0x80004005 (NS_ERROR_FAILURE) [nsIUserIdleService.removeIdleObserver]

###!!! [Parent][RunMessage] Error: Channel closing: too late to send/recv, messages will be lost

